<?xml version="1.0" encoding="UTF-8"?>
<testsuite name="com.gorczynskimike.todoapp.TaskStatusTestSuite" tests="1" skipped="0" failures="0" errors="0" timestamp="2018-04-16T07:24:07" hostname="ann" time="0.0">
  <properties/>
  <testcase name="testTaskStatusOrdering" classname="com.gorczynskimike.todoapp.TaskStatusTestSuite" time="0.0"/>
  <system-out><![CDATA[]]></system-out>
  <system-err><![CDATA[]]></system-err>
</testsuite>
