<?xml version="1.0" encoding="UTF-8"?>
<testsuite name="com.gorczynskimike.todoapp.SQLDatabaseInterfaceTestSuite" tests="1" skipped="0" failures="0" errors="0" timestamp="2018-04-16T10:14:55" hostname="ann" time="0.182">
  <properties/>
  <testcase name="testDatabaseConnection" classname="com.gorczynskimike.todoapp.SQLDatabaseInterfaceTestSuite" time="0.182"/>
  <system-out><![CDATA[]]></system-out>
  <system-err><![CDATA[]]></system-err>
</testsuite>
