<?xml version="1.0" encoding="UTF-8"?>
<testsuite name="com.gorczynskimike.todoapp.TaskTestSuite" tests="3" skipped="0" failures="0" errors="0" timestamp="2018-04-14T19:53:53" hostname="ann" time="0.067">
  <properties/>
  <testcase name="testDecodeTask" classname="com.gorczynskimike.todoapp.TaskTestSuite" time="0.017"/>
  <testcase name="testNewTaskHasStatusTodo" classname="com.gorczynskimike.todoapp.TaskTestSuite" time="0.048"/>
  <testcase name="testCompleteTask" classname="com.gorczynskimike.todoapp.TaskTestSuite" time="0.001"/>
  <system-out><![CDATA[]]></system-out>
  <system-err><![CDATA[]]></system-err>
</testsuite>
