<?xml version="1.0" encoding="UTF-8"?>
<testsuite name="com.gorczynskimike.todoapp.TaskTestSuite" tests="4" skipped="0" failures="0" errors="0" timestamp="2018-04-15T09:47:04" hostname="ann" time="0.002">
  <properties/>
  <testcase name="testDecodeTask" classname="com.gorczynskimike.todoapp.TaskTestSuite" time="0.001"/>
  <testcase name="testEncodeTask" classname="com.gorczynskimike.todoapp.TaskTestSuite" time="0.001"/>
  <testcase name="testNewTaskHasStatusTodo" classname="com.gorczynskimike.todoapp.TaskTestSuite" time="0.0"/>
  <testcase name="testCompleteTask" classname="com.gorczynskimike.todoapp.TaskTestSuite" time="0.0"/>
  <system-out><![CDATA[]]></system-out>
  <system-err><![CDATA[]]></system-err>
</testsuite>
