<?xml version="1.0" encoding="UTF-8"?>
<testsuite name="com.gorczynskimike.todoapp.UserTestSuite" tests="1" skipped="0" failures="0" errors="0" timestamp="2018-04-16T08:06:08" hostname="ann" time="0.001">
  <properties/>
  <testcase name="testUserConstructorSuccessfullyCreatesTasksManager" classname="com.gorczynskimike.todoapp.UserTestSuite" time="0.001"/>
  <system-out><![CDATA[]]></system-out>
  <system-err><![CDATA[]]></system-err>
</testsuite>
